
============================================================
Crash at: 2025-12-09 20:30:42.037088
Type: AttributeError
Value: 'MainWindow' object has no attribute '_show_about_dialog'
Traceback:
Traceback (most recent call last):
  File "C:\Users\ktphi\.gemini\antigravity\playground\canto-beats\main.py", line 144, in <module>
    main()
    ~~~~^^
  File "C:\Users\ktphi\.gemini\antigravity\playground\canto-beats\main.py", line 134, in main
    window = MainWindow(config)
  File "C:\Users\ktphi\.gemini\antigravity\playground\canto-beats\src\ui\main_window.py", line 49, in __init__
    self._init_ui()
    ~~~~~~~~~~~~~^^
  File "C:\Users\ktphi\.gemini\antigravity\playground\canto-beats\src\ui\main_window.py", line 119, in _init_ui
    self.custom_menubar = self._create_custom_menubar()
                          ~~~~~~~~~~~~~~~~~~~~~~~~~~~^^
  File "C:\Users\ktphi\.gemini\antigravity\playground\canto-beats\src\ui\main_window.py", line 192, in _create_custom_menubar
    self._setup_help_menu(self.help_menu)
    ~~~~~~~~~~~~~~~~~~~~~^^^^^^^^^^^^^^^^
  File "C:\Users\ktphi\.gemini\antigravity\playground\canto-beats\src\ui\main_window.py", line 316, in _setup_help_menu
    about_action.triggered.connect(self._show_about_dialog)
                                   ^^^^^^^^^^^^^^^^^^^^^^^
AttributeError: 'MainWindow' object has no attribute '_show_about_dialog'. Did you mean: '_show_search_dialog'?

============================================================
Crash at: 2025-12-09 20:42:54.966369
Type: AttributeError
Value: 'MainWindow' object has no attribute '_setup_file_menu'
Traceback:
Traceback (most recent call last):
  File "C:\Users\ktphi\.gemini\antigravity\playground\canto-beats\main.py", line 144, in <module>
    main()
    ~~~~^^
  File "C:\Users\ktphi\.gemini\antigravity\playground\canto-beats\main.py", line 134, in main
    window = MainWindow(config)
  File "C:\Users\ktphi\.gemini\antigravity\playground\canto-beats\src\ui\main_window.py", line 49, in __init__
    self._init_ui()
    ~~~~~~~~~~~~~^^
  File "C:\Users\ktphi\.gemini\antigravity\playground\canto-beats\src\ui\main_window.py", line 126, in _init_ui
    header = self._create_header()
  File "C:\Users\ktphi\.gemini\antigravity\playground\canto-beats\src\ui\main_window.py", line 271, in _create_header
    self._setup_file_menu(self.file_menu)
    ^^^^^^^^^^^^^^^^^^^^^
AttributeError: 'MainWindow' object has no attribute '_setup_file_menu'. Did you mean: '_setup_help_menu'?

============================================================
Crash at: 2025-12-09 20:45:45.201508
Type: AttributeError
Value: 'MainWindow' object has no attribute 'notification_badge'
Traceback:
Traceback (most recent call last):
  File "C:\Users\ktphi\.gemini\antigravity\playground\canto-beats\main.py", line 144, in <module>
    main()
    ~~~~^^
  File "C:\Users\ktphi\.gemini\antigravity\playground\canto-beats\main.py", line 134, in main
    window = MainWindow(config)
  File "C:\Users\ktphi\.gemini\antigravity\playground\canto-beats\src\ui\main_window.py", line 56, in __init__
    self._update_notification_badge(self.notification_manager.unread_count)
    ~~~~~~~~~~~~~~~~~~~~~~~~~~~~~~~^^^^^^^^^^^^^^^^^^^^^^^^^^^^^^^^^^^^^^^^
  File "C:\Users\ktphi\.gemini\antigravity\playground\canto-beats\src\ui\main_window.py", line 1317, in _update_notification_badge
    self.notification_badge.hide()
    ^^^^^^^^^^^^^^^^^^^^^^^
AttributeError: 'MainWindow' object has no attribute 'notification_badge'. Did you mean: 'notification_manager'?

============================================================
Crash at: 2025-12-09 21:16:49.142097
Type: RuntimeError
Value: Internal C++ object (PySide6.QtWidgets.QPushButton) already deleted.
Traceback:
Traceback (most recent call last):
  File "C:\Users\ktphi\.gemini\antigravity\playground\canto-beats\src\ui\main_window.py", line 89, in _toggle_maximize
    self.max_btn.setText("❐")
    ~~~~~~~~~~~~~~~~~~~~^^^^^
RuntimeError: Internal C++ object (PySide6.QtWidgets.QPushButton) already deleted.

============================================================
Crash at: 2025-12-09 21:16:50.142396
Type: RuntimeError
Value: Internal C++ object (PySide6.QtWidgets.QPushButton) already deleted.
Traceback:
Traceback (most recent call last):
  File "C:\Users\ktphi\.gemini\antigravity\playground\canto-beats\src\ui\main_window.py", line 85, in _toggle_maximize
    self.max_btn.setText("□")
    ~~~~~~~~~~~~~~~~~~~~^^^^^
RuntimeError: Internal C++ object (PySide6.QtWidgets.QPushButton) already deleted.

============================================================
Crash at: 2025-12-09 22:26:55.546528
Type: SyntaxError
Value: invalid syntax (main_window.py, line 917)
Traceback:
Traceback (most recent call last):
  File "C:\Users\ktphi\.gemini\antigravity\playground\canto-beats\main.py", line 49, in <module>
    from ui.main_window import MainWindow
  File "C:\Users\ktphi\.gemini\antigravity\playground\canto-beats\src\ui\main_window.py", line 917
    finally:
    ^^^^^^^
SyntaxError: invalid syntax

============================================================
Crash at: 2025-12-09 22:41:24.554352
Type: ImportError
Value: cannot import name 'DownloadDialog' from 'ui.download_dialog' (C:\Users\ktphi\.gemini\antigravity\playground\canto-beats\src\ui\download_dialog.py)
Traceback:
Traceback (most recent call last):
  File "C:\Users\ktphi\.gemini\antigravity\playground\canto-beats\src\ui\main_window.py", line 386, in _test_download_dialog
    from ui.download_dialog import DownloadDialog
ImportError: cannot import name 'DownloadDialog' from 'ui.download_dialog' (C:\Users\ktphi\.gemini\antigravity\playground\canto-beats\src\ui\download_dialog.py). Did you mean: 'download_dialog'?

============================================================
Crash at: 2025-12-09 22:41:28.520414
Type: ImportError
Value: cannot import name 'DownloadDialog' from 'ui.download_dialog' (C:\Users\ktphi\.gemini\antigravity\playground\canto-beats\src\ui\download_dialog.py)
Traceback:
Traceback (most recent call last):
  File "C:\Users\ktphi\.gemini\antigravity\playground\canto-beats\src\ui\main_window.py", line 386, in _test_download_dialog
    from ui.download_dialog import DownloadDialog
ImportError: cannot import name 'DownloadDialog' from 'ui.download_dialog' (C:\Users\ktphi\.gemini\antigravity\playground\canto-beats\src\ui\download_dialog.py). Did you mean: 'download_dialog'?

============================================================
Crash at: 2025-12-10 03:12:41.245415
Type: TypeError
Value: TranscribeWorkerV2.__init__() got an unexpected keyword argument 'ai_correction_enabled'
Traceback:
Traceback (most recent call last):
  File "C:\Users\ktphi\.gemini\antigravity\playground\canto-beats\src\ui\main_window.py", line 930, in _start_transcription
    self.worker = TranscribeWorkerV2(
                  ~~~~~~~~~~~~~~~~~~^
        self.config,
        ^^^^^^^^^^^^
    ...<2 lines>...
        ai_correction_enabled=False
        ^^^^^^^^^^^^^^^^^^^^^^^^^^^
    )
    ^
TypeError: TranscribeWorkerV2.__init__() got an unexpected keyword argument 'ai_correction_enabled'

============================================================
Crash at: 2025-12-10 03:15:43.090517
Type: AttributeError
Value: 'TranscribeWorkerV2' object has no attribute 'finished'
Traceback:
Traceback (most recent call last):
  File "C:\Users\ktphi\.gemini\antigravity\playground\canto-beats\src\ui\main_window.py", line 937, in _start_transcription
    self.worker.finished.connect(self._on_transcription_finished)
    ^^^^^^^^^^^^^^^^^^^^
AttributeError: 'TranscribeWorkerV2' object has no attribute 'finished'

============================================================
Crash at: 2025-12-10 03:34:58.477849
Type: KeyboardInterrupt
Value: 
Traceback:
Traceback (most recent call last):
  File "C:\Users\ktphi\.gemini\antigravity\playground\canto-beats\src\ui\main_window.py", line 1694, in eventFilter
    def eventFilter(self, obj, event):
    
KeyboardInterrupt

============================================================
Crash at: 2025-12-10 03:37:36.219669
Type: ModuleNotFoundError
Value: No module named 'PySide6'
Traceback:
Traceback (most recent call last):
  File "C:\Users\ktphi\.gemini\antigravity\playground\canto-beats\main.py", line 47, in <module>
    from PySide6.QtWidgets import QApplication
ModuleNotFoundError: No module named 'PySide6'

============================================================
Crash at: 2025-12-10 21:21:25.790325
Type: AttributeError
Value: 'MainWindow' object has no attribute '_exit_fullscreen'
Traceback:
Traceback (most recent call last):
  File "C:\Users\ktphi\.gemini\antigravity\playground\canto-beats\main.py", line 209, in <module>
    main()
    ~~~~^^
  File "C:\Users\ktphi\.gemini\antigravity\playground\canto-beats\main.py", line 199, in main
    window = MainWindow(config)
  File "C:\Users\ktphi\.gemini\antigravity\playground\canto-beats\src\ui\main_window.py", line 52, in __init__
    self._setup_shortcuts()
    ~~~~~~~~~~~~~~~~~~~~~^^
  File "C:\Users\ktphi\.gemini\antigravity\playground\canto-beats\src\ui\main_window.py", line 838, in _setup_shortcuts
    self.esc_shortcut.activated.connect(self._exit_fullscreen)
                                        ^^^^^^^^^^^^^^^^^^^^^
AttributeError: 'MainWindow' object has no attribute '_exit_fullscreen'

============================================================
Crash at: 2025-12-10 21:24:58.464223
Type: UnicodeEncodeError
Value: 'gbk' codec can't encode character '\u2705' in position 0: illegal multibyte sequence
Traceback:
Traceback (most recent call last):
  File "C:\Users\ktphi\.gemini\antigravity\playground\canto-beats\main.py", line 209, in <module>
    main()
    ~~~~^^
  File "C:\Users\ktphi\.gemini\antigravity\playground\canto-beats\main.py", line 117, in main
    print(f"✅ App icon loaded: {icon_path}")
    ~~~~~^^^^^^^^^^^^^^^^^^^^^^^^^^^^^^^^^^^^
UnicodeEncodeError: 'gbk' codec can't encode character '\u2705' in position 0: illegal multibyte sequence

Crash at: 2025-12-13 17:09:19.901236
Traceback (most recent call last):
  File "C:\Users\ktphi\.gemini\antigravity\playground\canto-beats\main.py", line 270, in <module>
    main()
    ~~~~^^
  File "C:\Users\ktphi\.gemini\antigravity\playground\canto-beats\main.py", line 184, in main
    import torch
  File "C:\Users\ktphi\miniconda3\Lib\site-packages\torch\__init__.py", line 2204, in <module>
    from torch import (
    ...<30 lines>...
    )
  File "C:\Users\ktphi\miniconda3\Lib\site-packages\torch\nested\__init__.py", line 21, in <module>
    from ._internal.nested_tensor import _rebuild_njt, NestedTensor as _NestedTensor
  File "C:\Users\ktphi\miniconda3\Lib\site-packages\torch\nested\_internal\nested_tensor.py", line 7, in <module>
    from torch.nested._internal.nested_int import NestedIntNode
  File "C:\Users\ktphi\miniconda3\Lib\site-packages\torch\nested\_internal\nested_int.py", line 4, in <module>
    from torch.fx.experimental._constant_symnode import ConstantIntNode
  File "C:\Users\ktphi\miniconda3\Lib\site-packages\torch\fx\__init__.py", line 97, in <module>
    from torch.fx.interpreter import Interpreter, Transformer
  File "C:\Users\ktphi\miniconda3\Lib\site-packages\torch\fx\interpreter.py", line 8, in <module>
    from torch._logging import trace_structured
  File "C:\Users\ktphi\miniconda3\Lib\site-packages\torch\_logging\__init__.py", line 7, in <module>
    import torch._logging._registrations
  File "C:\Users\ktphi\miniconda3\Lib\site-packages\torch\_logging\_registrations.py", line 2, in <module>
    from ._internal import register_artifact, register_log
  File "C:\Users\ktphi\miniconda3\Lib\site-packages\torch\_logging\_internal.py", line 24, in <module>
    from torch._guards import CompileId
  File "C:\Users\ktphi\miniconda3\Lib\site-packages\torch\_guards.py", line 11, in <module>
    import unittest.mock
  File "C:\Users\ktphi\miniconda3\Lib\unittest\mock.py", line 27, in <module>
    import asyncio
  File "C:\Users\ktphi\miniconda3\Lib\asyncio\__init__.py", line 43, in <module>
    from .windows_events import *
  File "C:\Users\ktphi\miniconda3\Lib\asyncio\windows_events.py", line 26, in <module>
    from . import windows_utils
  File "C:\Users\ktphi\miniconda3\Lib\asyncio\windows_utils.py", line 125, in <module>
    class Popen(subprocess.Popen):
    ...<47 lines>...
                    os.close(stderr_wfd)
TypeError: function() argument 'code' must be code, not str

Crash at: 2025-12-14 02:50:39.115005
Traceback (most recent call last):
  File "C:\Users\ktphi\.gemini\antigravity\playground\canto-beats\main.py", line 255, in <module>
    main()
    ~~~~^^
  File "C:\Users\ktphi\.gemini\antigravity\playground\canto-beats\main.py", line 239, in main
    from ui.main_window import MainWindow
  File "C:\Users\ktphi\.gemini\antigravity\playground\canto-beats\src\ui\main_window.py", line 1809
    url = "https://cantobeats.com # TODO: Replace with actual website URL
          ^
SyntaxError: unterminated string literal (detected at line 1809)

Crash at: 2025-12-15 02:41:04.092551
Traceback (most recent call last):
  File "C:\Users\ktphi\.gemini\antigravity\playground\canto-beats\src\ui\video_player.py", line 538, in _update_position
    current_time = self.mpv_player.time_pos or 0
                   ^^^^^^^^^^^^^^^^^^^^^^^^
  File "C:\Users\ktphi\miniconda3\Lib\site-packages\mpv.py", line 2116, in __getattr__
    return self._get_property(_py_to_mpv(name), lazy_decoder)
           ~~~~~~~~~~~~~~~~~~^^^^^^^^^^^^^^^^^^^^^^^^^^^^^^^^
  File "C:\Users\ktphi\miniconda3\Lib\site-packages\mpv.py", line 2087, in _get_property
    self.check_core_alive()
    ~~~~~~~~~~~~~~~~~~~~~^^
  File "C:\Users\ktphi\miniconda3\Lib\site-packages\mpv.py", line 999, in check_core_alive
    raise ShutdownError('libmpv core has been shutdown')
mpv.ShutdownError: libmpv core has been shutdown

Crash at: 2025-12-15 17:35:32.624684
Traceback (most recent call last):
  File "C:\Users\ktphi\.gemini\antigravity\playground\canto-beats\dist\Canto-beats-Standalone\app\main.py", line 255, in <module>
    main()
  File "C:\Users\ktphi\.gemini\antigravity\playground\canto-beats\dist\Canto-beats-Standalone\app\main.py", line 239, in main
    from ui.main_window import MainWindow
  File "C:\Users\ktphi\.gemini\antigravity\playground\canto-beats\dist\Canto-beats-Standalone\app\src\ui\main_window.py", line 21, in <module>
    from ui.transcription_worker_v2 import TranscribeWorkerV2
  File "C:\Users\ktphi\.gemini\antigravity\playground\canto-beats\dist\Canto-beats-Standalone\app\src\ui\transcription_worker_v2.py", line 15, in <module>
    from pipeline.subtitle_pipeline_v2 import SubtitlePipelineV2
  File "C:\Users\ktphi\.gemini\antigravity\playground\canto-beats\dist\Canto-beats-Standalone\app\src\pipeline\subtitle_pipeline_v2.py", line 15, in <module>
    from models.qwen_llm import QwenLLM
  File "C:\Users\ktphi\.gemini\antigravity\playground\canto-beats\dist\Canto-beats-Standalone\app\src\models\qwen_llm.py", line 207
    except Exception as e:
    ^^^^^^
SyntaxError: invalid syntax
